mode: set
music/controllers/rockband_controller.go:44.79,51.66 4 0
music/controllers/rockband_controller.go:62.2,65.32 3 0
music/controllers/rockband_controller.go:74.2,74.27 1 0
music/controllers/rockband_controller.go:51.66,53.30 1 0
music/controllers/rockband_controller.go:59.3,59.51 1 0
music/controllers/rockband_controller.go:53.30,55.4 1 0
music/controllers/rockband_controller.go:65.32,69.52 3 0
music/controllers/rockband_controller.go:69.52,72.4 2 0
music/controllers/rockband_controller.go:78.71,82.2 1 0
